<?xml version="1.0" encoding="UTF-8"?>
<testsuite name="rc4.RC4CipherTest" tests="1" skipped="0" failures="0" errors="0" timestamp="2021-04-23T16:10:58" hostname="DESKTOP-0GP9D5D" time="3.897">
  <properties/>
  <testcase name="The cipher works correctly!" classname="rc4.RC4CipherTest" time="3.897"/>
  <system-out><![CDATA[0.004024 0.007611 0.003896 0.003814 0.003987 0.003833 0.00393 0.004029 0.004 0.003886 0.003796 0.003935 0.003798 0.003977 0.003909 0.003959 0.003913 0.003893 0.003689 0.004011 0.003869 0.003847 0.004025 0.003811 0.003967 0.003942 0.003753 0.003777 0.003602 0.003176 0.002032 8.09E-4 ]]></system-out>
  <system-err><![CDATA[]]></system-err>
</testsuite>
